<?xml version="1.0" encoding="UTF-8"?>
<!-- Generated by org.testng.reporters.JUnitXMLReporter -->
<testsuite ignored="0" hostname="PQA-0598LT" failures="2" tests="2" name="Error Validations Test" time="16.58" errors="0" timestamp="2023-12-27T10:04:39 CST">
  <testcase classname="com.nikhila.eCommerce_tc_1" name="fillForm_ErrorValidation" time="0.909">
    <failure type="org.openqa.selenium.NoSuchSessionException" message="The session identified by f5dafcc6-082a-4d20-b36e-09a0bf5cf179 is not known
Build info: version: &amp;apos;4.16.1&amp;apos;, revision: &amp;apos;9b4c83354e&amp;apos;
System info: os.name: &amp;apos;Windows 10&amp;apos;, os.arch: &amp;apos;amd64&amp;apos;, os.version: &amp;apos;10.0&amp;apos;, java.version: &amp;apos;17.0.8.1&amp;apos;
Driver info: io.appium.java_client.android.AndroidDriver
Command: [7586db45-3bc9-4119-bf1b-12b0644141b8, findElement {using=xpath, value=//android.widget.RadioButton[@text=&amp;apos;Female&amp;apos;]}]
Capabilities {appium:app: C:\Users\NikhilaVecham\ecli..., appium:appPackage: com.androidsample.generalstore, appium:automationName: UIAutomator2, appium:chromedriverExecutable: C:\Users\NikhilaVecham\Appi..., appium:databaseEnabled: false, appium:desired: {app: C:\Users\NikhilaVecham\ecli..., automationName: UIAutomator2, chromedriverExecutable: C:\Users\NikhilaVecham\Appi..., deviceName: NikhilaPhone, platformName: ANDROID}, appium:deviceApiLevel: 34, appium:deviceManufacturer: Google, appium:deviceModel: sdk_gphone64_x86_64, appium:deviceName: emulator-5554, appium:deviceScreenDensity: 420, appium:deviceScreenSize: 1080x2400, appium:deviceUDID: emulator-5554, appium:javascriptEnabled: true, appium:locationContextEnabled: false, appium:networkConnectionEnabled: true, appium:pixelRatio: 2.625, appium:platformVersion: 14, appium:statBarHeight: 136, appium:takesScreenshot: true, appium:viewportRect: {height: 2065, left: 0, top: 136, width: 1080}, appium:warnings: {}, appium:webStorageEnabled: false, platformName: ANDROID}
Session ID: 7586db45-3bc9-4119-bf1b-12b0644141b8">
      <![CDATA[org.openqa.selenium.NoSuchSessionException: The session identified by f5dafcc6-082a-4d20-b36e-09a0bf5cf179 is not known
Build info: version: '4.16.1', revision: '9b4c83354e'
System info: os.name: 'Windows 10', os.arch: 'amd64', os.version: '10.0', java.version: '17.0.8.1'
Driver info: io.appium.java_client.android.AndroidDriver
Command: [7586db45-3bc9-4119-bf1b-12b0644141b8, findElement {using=xpath, value=//android.widget.RadioButton[@text='Female']}]
Capabilities {appium:app: C:\Users\NikhilaVecham\ecli..., appium:appPackage: com.androidsample.generalstore, appium:automationName: UIAutomator2, appium:chromedriverExecutable: C:\Users\NikhilaVecham\Appi..., appium:databaseEnabled: false, appium:desired: {app: C:\Users\NikhilaVecham\ecli..., automationName: UIAutomator2, chromedriverExecutable: C:\Users\NikhilaVecham\Appi..., deviceName: NikhilaPhone, platformName: ANDROID}, appium:deviceApiLevel: 34, appium:deviceManufacturer: Google, appium:deviceModel: sdk_gphone64_x86_64, appium:deviceName: emulator-5554, appium:deviceScreenDensity: 420, appium:deviceScreenSize: 1080x2400, appium:deviceUDID: emulator-5554, appium:javascriptEnabled: true, appium:locationContextEnabled: false, appium:networkConnectionEnabled: true, appium:pixelRatio: 2.625, appium:platformVersion: 14, appium:statBarHeight: 136, appium:takesScreenshot: true, appium:viewportRect: {height: 2065, left: 0, top: 136, width: 1080}, appium:warnings: {}, appium:webStorageEnabled: false, platformName: ANDROID}
Session ID: 7586db45-3bc9-4119-bf1b-12b0644141b8
at org.openqa.selenium.remote.codec.w3c.W3CHttpResponseCodec.createException(W3CHttpResponseCodec.java:200)
at org.openqa.selenium.remote.codec.w3c.W3CHttpResponseCodec.decode(W3CHttpResponseCodec.java:133)
at org.openqa.selenium.remote.codec.w3c.W3CHttpResponseCodec.decode(W3CHttpResponseCodec.java:52)
at org.openqa.selenium.remote.HttpCommandExecutor.execute(HttpCommandExecutor.java:191)
at io.appium.java_client.remote.AppiumCommandExecutor.execute(AppiumCommandExecutor.java:238)
at org.openqa.selenium.remote.RemoteWebDriver.execute(RemoteWebDriver.java:523)
at org.openqa.selenium.remote.ElementLocation$ElementFinder$2.findElement(ElementLocation.java:165)
at org.openqa.selenium.remote.ElementLocation.findElement(ElementLocation.java:59)
at org.openqa.selenium.remote.RemoteWebDriver.findElement(RemoteWebDriver.java:360)
at org.openqa.selenium.remote.RemoteWebDriver.findElement(RemoteWebDriver.java:354)
at com.nikhila.eCommerce_tc_1.fillForm_ErrorValidation(eCommerce_tc_1.java:37)
at java.base/java.util.ArrayList.forEach(ArrayList.java:1511)
... Removed 32 stack frames]]>
    </failure>
  </testcase> <!-- fillForm_ErrorValidation -->
  <testcase classname="com.nikhila.eCommerce_tc_1" name="fillForm_PositiveFlow" time="0.051">
    <failure type="org.openqa.selenium.NoSuchSessionException" message="The session identified by f5dafcc6-082a-4d20-b36e-09a0bf5cf179 is not known
Build info: version: &amp;apos;4.16.1&amp;apos;, revision: &amp;apos;9b4c83354e&amp;apos;
System info: os.name: &amp;apos;Windows 10&amp;apos;, os.arch: &amp;apos;amd64&amp;apos;, os.version: &amp;apos;10.0&amp;apos;, java.version: &amp;apos;17.0.8.1&amp;apos;
Driver info: io.appium.java_client.android.AndroidDriver
Command: [7586db45-3bc9-4119-bf1b-12b0644141b8, findElement {using=id, value=com.androidsample.generalstore:id/nameField}]
Capabilities {appium:app: C:\Users\NikhilaVecham\ecli..., appium:appPackage: com.androidsample.generalstore, appium:automationName: UIAutomator2, appium:chromedriverExecutable: C:\Users\NikhilaVecham\Appi..., appium:databaseEnabled: false, appium:desired: {app: C:\Users\NikhilaVecham\ecli..., automationName: UIAutomator2, chromedriverExecutable: C:\Users\NikhilaVecham\Appi..., deviceName: NikhilaPhone, platformName: ANDROID}, appium:deviceApiLevel: 34, appium:deviceManufacturer: Google, appium:deviceModel: sdk_gphone64_x86_64, appium:deviceName: emulator-5554, appium:deviceScreenDensity: 420, appium:deviceScreenSize: 1080x2400, appium:deviceUDID: emulator-5554, appium:javascriptEnabled: true, appium:locationContextEnabled: false, appium:networkConnectionEnabled: true, appium:pixelRatio: 2.625, appium:platformVersion: 14, appium:statBarHeight: 136, appium:takesScreenshot: true, appium:viewportRect: {height: 2065, left: 0, top: 136, width: 1080}, appium:warnings: {}, appium:webStorageEnabled: false, platformName: ANDROID}
Session ID: 7586db45-3bc9-4119-bf1b-12b0644141b8">
      <![CDATA[org.openqa.selenium.NoSuchSessionException: The session identified by f5dafcc6-082a-4d20-b36e-09a0bf5cf179 is not known
Build info: version: '4.16.1', revision: '9b4c83354e'
System info: os.name: 'Windows 10', os.arch: 'amd64', os.version: '10.0', java.version: '17.0.8.1'
Driver info: io.appium.java_client.android.AndroidDriver
Command: [7586db45-3bc9-4119-bf1b-12b0644141b8, findElement {using=id, value=com.androidsample.generalstore:id/nameField}]
Capabilities {appium:app: C:\Users\NikhilaVecham\ecli..., appium:appPackage: com.androidsample.generalstore, appium:automationName: UIAutomator2, appium:chromedriverExecutable: C:\Users\NikhilaVecham\Appi..., appium:databaseEnabled: false, appium:desired: {app: C:\Users\NikhilaVecham\ecli..., automationName: UIAutomator2, chromedriverExecutable: C:\Users\NikhilaVecham\Appi..., deviceName: NikhilaPhone, platformName: ANDROID}, appium:deviceApiLevel: 34, appium:deviceManufacturer: Google, appium:deviceModel: sdk_gphone64_x86_64, appium:deviceName: emulator-5554, appium:deviceScreenDensity: 420, appium:deviceScreenSize: 1080x2400, appium:deviceUDID: emulator-5554, appium:javascriptEnabled: true, appium:locationContextEnabled: false, appium:networkConnectionEnabled: true, appium:pixelRatio: 2.625, appium:platformVersion: 14, appium:statBarHeight: 136, appium:takesScreenshot: true, appium:viewportRect: {height: 2065, left: 0, top: 136, width: 1080}, appium:warnings: {}, appium:webStorageEnabled: false, platformName: ANDROID}
Session ID: 7586db45-3bc9-4119-bf1b-12b0644141b8
at org.openqa.selenium.remote.codec.w3c.W3CHttpResponseCodec.createException(W3CHttpResponseCodec.java:200)
at org.openqa.selenium.remote.codec.w3c.W3CHttpResponseCodec.decode(W3CHttpResponseCodec.java:133)
at org.openqa.selenium.remote.codec.w3c.W3CHttpResponseCodec.decode(W3CHttpResponseCodec.java:52)
at org.openqa.selenium.remote.HttpCommandExecutor.execute(HttpCommandExecutor.java:191)
at io.appium.java_client.remote.AppiumCommandExecutor.execute(AppiumCommandExecutor.java:238)
at org.openqa.selenium.remote.RemoteWebDriver.execute(RemoteWebDriver.java:523)
at org.openqa.selenium.remote.ElementLocation$ElementFinder$2.findElement(ElementLocation.java:165)
at org.openqa.selenium.remote.ElementLocation.findElement(ElementLocation.java:66)
at org.openqa.selenium.remote.RemoteWebDriver.findElement(RemoteWebDriver.java:360)
at org.openqa.selenium.remote.RemoteWebDriver.findElement(RemoteWebDriver.java:354)
at com.nikhila.eCommerce_tc_1.fillForm_PositiveFlow(eCommerce_tc_1.java:54)
at java.base/java.util.ArrayList.forEach(ArrayList.java:1511)
... Removed 32 stack frames]]>
    </failure>
  </testcase> <!-- fillForm_PositiveFlow -->
</testsuite> <!-- Error Validations Test -->
