<?xml version="1.0" encoding="UTF-8"?>
<testng-results ignored="0" total="2" passed="2" failed="0" skipped="0">
  <reporter-output>
  </reporter-output>
  <suite started-at="2024-01-05T12:02:55 CST" name="Default suite" finished-at="2024-01-05T12:03:36 CST" duration-ms="41794">
    <groups>
    </groups>
    <test started-at="2024-01-05T12:02:55 CST" name="Default test" finished-at="2024-01-05T12:03:36 CST" duration-ms="41794">
      <class name="com.nikhila.eCommerce_tc_1">
        <test-method is-config="true" signature="configureAppium()[pri:0, instance:com.nikhila.eCommerce_tc_1@576d5deb]" started-at="2024-01-05T12:02:55 CST" name="configureAppium" finished-at="2024-01-05T12:03:02 CST" duration-ms="7044" status="PASS">
          <reporter-output>
          </reporter-output>
        </test-method> <!-- configureAppium -->
        <test-method is-config="true" signature="preSetup()[pri:0, instance:com.nikhila.eCommerce_tc_1@576d5deb]" started-at="2024-01-05T12:03:02 CST" name="preSetup" finished-at="2024-01-05T12:03:02 CST" duration-ms="65" status="PASS">
          <reporter-output>
          </reporter-output>
        </test-method> <!-- preSetup -->
        <test-method signature="fillForm_ErrorValidation()[pri:0, instance:com.nikhila.eCommerce_tc_1@576d5deb]" started-at="2024-01-05T12:03:02 CST" name="fillForm_ErrorValidation" finished-at="2024-01-05T12:03:10 CST" duration-ms="8007" status="PASS">
          <reporter-output>
          </reporter-output>
        </test-method> <!-- fillForm_ErrorValidation -->
        <test-method is-config="true" signature="tearDown()[pri:0, instance:com.nikhila.eCommerce_tc_1@576d5deb]" started-at="2024-01-05T12:03:10 CST" name="tearDown" finished-at="2024-01-05T12:03:10 CST" duration-ms="569" status="PASS">
          <reporter-output>
          </reporter-output>
        </test-method> <!-- tearDown -->
        <test-method is-config="true" signature="configureAppium()[pri:0, instance:com.nikhila.eCommerce_tc_1@576d5deb]" started-at="2024-01-05T12:03:10 CST" name="configureAppium" finished-at="2024-01-05T12:03:17 CST" duration-ms="6763" status="PASS">
          <reporter-output>
          </reporter-output>
        </test-method> <!-- configureAppium -->
        <test-method is-config="true" signature="preSetup()[pri:0, instance:com.nikhila.eCommerce_tc_1@576d5deb]" started-at="2024-01-05T12:03:17 CST" name="preSetup" finished-at="2024-01-05T12:03:17 CST" duration-ms="153" status="PASS">
          <reporter-output>
          </reporter-output>
        </test-method> <!-- preSetup -->
        <test-method signature="fillForm_PositiveFlow()[pri:0, instance:com.nikhila.eCommerce_tc_1@576d5deb]" started-at="2024-01-05T12:03:17 CST" name="fillForm_PositiveFlow" finished-at="2024-01-05T12:03:36 CST" duration-ms="18649" status="PASS">
          <reporter-output>
          </reporter-output>
        </test-method> <!-- fillForm_PositiveFlow -->
        <test-method is-config="true" signature="tearDown()[pri:0, instance:com.nikhila.eCommerce_tc_1@576d5deb]" started-at="2024-01-05T12:03:36 CST" name="tearDown" finished-at="2024-01-05T12:03:36 CST" duration-ms="498" status="PASS">
          <reporter-output>
          </reporter-output>
        </test-method> <!-- tearDown -->
      </class> <!-- com.nikhila.eCommerce_tc_1 -->
    </test> <!-- Default test -->
  </suite> <!-- Default suite -->
</testng-results>
